Started by user [8mha:////4Bv8lJtphoNBMaN1x90KQvrpGkr/+wCBh7u/TiTASV8qAAAAlx+LCAAAAAAAAP9b85aBtbiIQTGjNKU4P08vOT+vOD8nVc83PyU1x6OyILUoJzMv2y+/JJUBAhiZGBgqihhk0NSjKDWzXb3RdlLBUSYGJk8GtpzUvPSSDB8G5tKinBIGIZ+sxLJE/ZzEvHT94JKizLx0a6BxUmjGOUNodHsLgAzWEgZu/dLi1CL9xJTczDwAj6GcLcAAAAA=[0madmin
Running as SYSTEM
Building in workspace C:\Jenkins
The recommended git tool is: NONE
No credentials specified
 > git.exe rev-parse --resolve-git-dir C:\Jenkins\.git # timeout=10
Fetching changes from the remote Git repository
 > git.exe config remote.origin.url https://github.com/RV2021ATQC/CrashCourseAT.git # timeout=10
Fetching upstream changes from https://github.com/RV2021ATQC/CrashCourseAT.git
 > git.exe --version # timeout=10
 > git --version # 'git version 2.35.1.windows.2'
 > git.exe fetch --tags --force --progress -- https://github.com/RV2021ATQC/CrashCourseAT.git +refs/heads/*:refs/remotes/origin/* # timeout=10
 > git.exe rev-parse "origin/main^{commit}" # timeout=10
Checking out Revision dbeb6dddf691141b5e7a72b5561fda70518ef0c8 (origin/main)
 > git.exe config core.sparsecheckout # timeout=10
 > git.exe checkout -f dbeb6dddf691141b5e7a72b5561fda70518ef0c8 # timeout=10
Commit message: "Merge pull request #122 from RV2021ATQC/SvitlanaLN-patch-1"
 > git.exe rev-list --no-walk dbeb6dddf691141b5e7a72b5561fda70518ef0c8 # timeout=10
Path To MSBuild.exe: C:\Windows\Microsoft.NET\Framework\v4.0.30319\msbuild.exe
Executing the command cmd.exe /C " chcp 1252 & C:\Windows\Microsoft.NET\Framework\v4.0.30319\msbuild.exe C:\Jenkins\Projects\Romanukha\RvCrashCourse2021\RvCrashCourse2021.sln " && exit %%ERRORLEVEL%% from C:\Jenkins
[Jenkins] $ cmd.exe /C " chcp 1252 & C:\Windows\Microsoft.NET\Framework\v4.0.30319\msbuild.exe C:\Jenkins\Projects\Romanukha\RvCrashCourse2021\RvCrashCourse2021.sln " && exit %%ERRORLEVEL%%
Active code page: 1252
Microsoft (R) Build Engine version 4.8.4084.0
[Microsoft .NET Framework, version 4.0.30319.42000]
Copyright (C) Microsoft Corporation. All rights reserved.

Building the projects in this solution one at a time. To enable parallel build, please add the "/m" switch.
Build started 5/30/2022 6:34:02 PM.
Project "C:\Jenkins\Projects\Romanukha\RvCrashCourse2021\RvCrashCourse2021.sln" on node 1 (default targets).
ValidateSolutionConfiguration:
  Building solution configuration "Debug|Any CPU".
Project "C:\Jenkins\Projects\Romanukha\RvCrashCourse2021\RvCrashCourse2021.sln" (1) is building "C:\Jenkins\Projects\Romanukha\RvCrashCourse2021\RvCrashCourse2021\RvCrashCourse2021.csproj" (2) on node 1 (default targets).
Project file contains ToolsVersion="14.0". This toolset may be unknown or missing, in which case you may be able to resolve this by installing the appropriate version of MSBuild, or the build may have been forced to a particular ToolsVersion for policy reasons. Treating the project as if it had ToolsVersion="4.0". For more information, please see http://go.microsoft.com/fwlink/?LinkId=291333.
GenerateTargetFrameworkMonikerAttribute:
Skipping target "GenerateTargetFrameworkMonikerAttribute" because all output files are up-to-date with respect to the input files.
CoreCompile:
  C:\Windows\Microsoft.NET\Framework\v4.0.30319\Csc.exe /noconfig /nowarn:1701,1702 /nostdlib+ /errorreport:prompt /warn:4 /define:DEBUG;TRACE /highentropyva+ /reference:C:\Jenkins\Projects\Romanukha\RvCrashCourse2021\packages\Allure.Commons.2.3.64.1\lib\net45\Allure.Commons.dll /reference:C:\Jenkins\Projects\Romanukha\RvCrashCourse2021\packages\Unickq.Allure.Commons.0.1.4\lib\net45\Allure.Fork.Commons.dll /reference:C:\Jenkins\Projects\Romanukha\RvCrashCourse2021\packages\AllureCSharpCommons.0.2.0\lib\net40\AllureCSharpCommons.dll /reference:C:\Jenkins\Projects\Romanukha\RvCrashCourse2021\packages\BouncyCastle.1.8.5\lib\BouncyCastle.Crypto.dll /reference:C:\Jenkins\Projects\Romanukha\RvCrashCourse2021\packages\Google.Protobuf.3.11.4\lib\net45\Google.Protobuf.dll /reference:C:\Jenkins\Projects\Romanukha\RvCrashCourse2021\packages\K4os.Compression.LZ4.1.1.11\lib\net45\K4os.Compression.LZ4.dll /reference:C:\Jenkins\Projects\Romanukha\RvCrashCourse2021\packages\K4os.Compression.LZ4.Streams.1.1.11\lib\net45\K4os.Compression.LZ4.Streams.dll /reference:C:\Jenkins\Projects\Romanukha\RvCrashCourse2021\packages\K4os.Hash.xxHash.1.0.6\lib\net45\K4os.Hash.xxHash.dll /reference:C:\Jenkins\Projects\Romanukha\RvCrashCourse2021\packages\log4net.2.0.3\lib\net40-full\log4net.dll /reference:"C:\Program Files (x86)\Reference Assemblies\Microsoft\Framework\.NETFramework\v4.5.2\Microsoft.CSharp.dll" /link:C:\Jenkins\Projects\Romanukha\RvCrashCourse2021\packages\Microsoft.Office.Interop.Excel.15.0.4795.1000\lib\net20\Microsoft.Office.Interop.Excel.dll /reference:C:\Jenkins\Projects\Romanukha\RvCrashCourse2021\RvCrashCourse2021\bin\Debug\Microsoft.VisualStudio.QualityTools.UnitTestFramework.dll /reference:C:\Jenkins\Projects\Romanukha\RvCrashCourse2021\packages\MimeTypesMap.1.0.3\lib\net45\MimeTypesMap.dll /reference:"C:\Program Files (x86)\Reference Assemblies\Microsoft\Framework\.NETFramework\v4.5.2\mscorlib.dll" /reference:C:\Jenkins\Projects\Romanukha\RvCrashCourse2021\packages\MySql.Data.8.0.23\lib\net452\MySql.Data.dll /reference:C:\Jenkins\Projects\Romanukha\RvCrashCourse2021\packages\Newtonsoft.Json.12.0.3\lib\net45\Newtonsoft.Json.dll /reference:C:\Jenkins\Projects\Romanukha\RvCrashCourse2021\packages\NLog.4.5.8\lib\net45\NLog.dll /reference:C:\Jenkins\Projects\Romanukha\RvCrashCourse2021\packages\NUnit.Allure.1.0.9\lib\net45\NUnit.Allure.dll /reference:C:\Jenkins\Projects\Romanukha\RvCrashCourse2021\packages\NUnit.3.10.1\lib\net45\nunit.framework.dll /reference:C:\Jenkins\Projects\Romanukha\RvCrashCourse2021\packages\SSH.NET.2020.0.0\lib\net40\Renci.SshNet.dll /reference:C:\Jenkins\Projects\Romanukha\RvCrashCourse2021\packages\RestSharp.106.3.1\lib\net452\RestSharp.dll /reference:C:\Jenkins\Projects\Romanukha\RvCrashCourse2021\packages\System.Buffers.4.5.1\lib\netstandard1.1\System.Buffers.dll /reference:"C:\Program Files (x86)\Reference Assemblies\Microsoft\Framework\.NETFramework\v4.5.2\System.ComponentModel.DataAnnotations.dll" /reference:"C:\Program Files (x86)\Reference Assemblies\Microsoft\Framework\.NETFramework\v4.5.2\System.Configuration.dll" /reference:"C:\Program Files (x86)\Reference Assemblies\Microsoft\Framework\.NETFramework\v4.5.2\System.Configuration.Install.dll" /reference:"C:\Program Files (x86)\Reference Assemblies\Microsoft\Framework\.NETFramework\v4.5.2\System.Core.dll" /reference:"C:\Program Files (x86)\Reference Assemblies\Microsoft\Framework\.NETFramework\v4.5.2\System.Data.dll" /reference:"C:\Program Files (x86)\Reference Assemblies\Microsoft\Framework\.NETFramework\v4.5.2\System.dll" /reference:"C:\Program Files (x86)\Reference Assemblies\Microsoft\Framework\.NETFramework\v4.5.2\System.Drawing.dll" /reference:"C:\Program Files (x86)\Reference Assemblies\Microsoft\Framework\.NETFramework\v4.5.2\System.IO.Compression.dll" /reference:"C:\Program Files (x86)\Reference Assemblies\Microsoft\Framework\.NETFramework\v4.5.2\System.Management.dll" /reference:C:\Jenkins\Projects\Romanukha\RvCrashCourse2021\packages\System.Memory.4.5.3\lib\netstandard1.1\System.Memory.dll /reference:"C:\Program Files (x86)\Reference Assemblies\Microsoft\Framework\.NETFramework\v4.5.2\System.Net.Http.dll" /reference:C:\Jenkins\Projects\Romanukha\RvCrashCourse2021\packages\System.Runtime.CompilerServices.Unsafe.4.5.2\lib\netstandard1.0\System.Runtime.CompilerServices.Unsafe.dll /reference:"C:\Program Files (x86)\Reference Assemblies\Microsoft\Framework\.NETFramework\v4.5.2\System.Runtime.Serialization.dll" /reference:"C:\Program Files (x86)\Reference Assemblies\Microsoft\Framework\.NETFramework\v4.5.2\System.ServiceModel.dll" /reference:"C:\Program Files (x86)\Reference Assemblies\Microsoft\Framework\.NETFramework\v4.5.2\System.Transactions.dll" /reference:"C:\Program Files (x86)\Reference Assemblies\Microsoft\Framework\.NETFramework\v4.5.2\System.Web.dll" /reference:"C:\Program Files (x86)\Reference Assemblies\Microsoft\Framework\.NETFramework\v4.5.2\System.Windows.dll" /reference:"C:\Program Files (x86)\Reference Assemblies\Microsoft\Framework\.NETFramework\v4.5.2\System.Windows.Forms.dll" /reference:"C:\Program Files (x86)\Reference Assemblies\Microsoft\Framework\.NETFramework\v4.5.2\System.Xml.dll" /reference:C:\Jenkins\Projects\Romanukha\RvCrashCourse2021\packages\MySql.Data.8.0.23\lib\net452\Ubiety.Dns.Core.dll /reference:C:\Jenkins\Projects\Romanukha\RvCrashCourse2021\packages\Selenium.WebDriver.3.141.0\lib\net45\WebDriver.dll /reference:C:\Jenkins\Projects\Romanukha\RvCrashCourse2021\packages\Selenium.Support.3.14.0\lib\net45\WebDriver.Support.dll /reference:C:\Jenkins\Projects\Romanukha\RvCrashCourse2021\packages\MySql.Data.8.0.23\lib\net452\Zstandard.Net.dll /reference:"C:\Program Files (x86)\Reference Assemblies\Microsoft\Framework\.NETFramework\v4.5.2\Facades\System.Collections.Concurrent.dll" /reference:"C:\Program Files (x86)\Reference Assemblies\Microsoft\Framework\.NETFramework\v4.5.2\Facades\System.Collections.dll" /reference:"C:\Program Files (x86)\Reference Assemblies\Microsoft\Framework\.NETFramework\v4.5.2\Facades\System.ComponentModel.Annotations.dll" /reference:"C:\Program Files (x86)\Reference Assemblies\Microsoft\Framework\.NETFramework\v4.5.2\Facades\System.ComponentModel.dll" /reference:"C:\Program Files (x86)\Reference Assemblies\Microsoft\Framework\.NETFramework\v4.5.2\Facades\System.ComponentModel.EventBasedAsync.dll" /reference:"C:\Program Files (x86)\Reference Assemblies\Microsoft\Framework\.NETFramework\v4.5.2\Facades\System.Diagnostics.Contracts.dll" /reference:"C:\Program Files (x86)\Reference Assemblies\Microsoft\Framework\.NETFramework\v4.5.2\Facades\System.Diagnostics.Debug.dll" /reference:"C:\Program Files (x86)\Reference Assemblies\Microsoft\Framework\.NETFramework\v4.5.2\Facades\System.Diagnostics.Tools.dll" /reference:"C:\Program Files (x86)\Reference Assemblies\Microsoft\Framework\.NETFramework\v4.5.2\Facades\System.Diagnostics.Tracing.dll" /reference:"C:\Program Files (x86)\Reference Assemblies\Microsoft\Framework\.NETFramework\v4.5.2\Facades\System.Dynamic.Runtime.dll" /reference:"C:\Program Files (x86)\Reference Assemblies\Microsoft\Framework\.NETFramework\v4.5.2\Facades\System.Globalization.dll" /reference:"C:\Program Files (x86)\Reference Assemblies\Microsoft\Framework\.NETFramework\v4.5.2\Facades\System.IO.dll" /reference:"C:\Program Files (x86)\Reference Assemblies\Microsoft\Framework\.NETFramework\v4.5.2\Facades\System.Linq.dll" /reference:"C:\Program Files (x86)\Reference Assemblies\Microsoft\Framework\.NETFramework\v4.5.2\Facades\System.Linq.Expressions.dll" /reference:"C:\Program Files (x86)\Reference Assemblies\Microsoft\Framework\.NETFramework\v4.5.2\Facades\System.Linq.Parallel.dll" /reference:"C:\Program Files (x86)\Reference Assemblies\Microsoft\Framework\.NETFramework\v4.5.2\Facades\System.Linq.Queryable.dll" /reference:"C:\Program Files (x86)\Reference Assemblies\Microsoft\Framework\.NETFramework\v4.5.2\Facades\System.Net.NetworkInformation.dll" /reference:"C:\Program Files (x86)\Reference Assemblies\Microsoft\Framework\.NETFramework\v4.5.2\Facades\System.Net.Primitives.dll" /reference:"C:\Program Files (x86)\Reference Assemblies\Microsoft\Framework\.NETFramework\v4.5.2\Facades\System.Net.Requests.dll" /reference:"C:\Program Files (x86)\Reference Assemblies\Microsoft\Framework\.NETFramework\v4.5.2\Facades\System.ObjectModel.dll" /reference:"C:\Program Files (x86)\Reference Assemblies\Microsoft\Framework\.NETFramework\v4.5.2\Facades\System.Reflection.dll" /reference:"C:\Program Files (x86)\Reference Assemblies\Microsoft\Framework\.NETFramework\v4.5.2\Facades\System.Reflection.Emit.dll" /reference:"C:\Program Files (x86)\Reference Assemblies\Microsoft\Framework\.NETFramework\v4.5.2\Facades\System.Reflection.Emit.ILGeneration.dll" /reference:"C:\Program Files (x86)\Reference Assemblies\Microsoft\Framework\.NETFramework\v4.5.2\Facades\System.Reflection.Emit.Lightweight.dll" /reference:"C:\Program Files (x86)\Reference Assemblies\Microsoft\Framework\.NETFramework\v4.5.2\Facades\System.Reflection.Extensions.dll" /reference:"C:\Program Files (x86)\Reference Assemblies\Microsoft\Framework\.NETFramework\v4.5.2\Facades\System.Reflection.Primitives.dll" /reference:"C:\Program Files (x86)\Reference Assemblies\Microsoft\Framework\.NETFramework\v4.5.2\Facades\System.Resources.ResourceManager.dll" /reference:"C:\Program Files (x86)\Reference Assemblies\Microsoft\Framework\.NETFramework\v4.5.2\Facades\System.Runtime.dll" /reference:"C:\Program Files (x86)\Reference Assemblies\Microsoft\Framework\.NETFramework\v4.5.2\Facades\System.Runtime.Extensions.dll" /reference:"C:\Program Files (x86)\Reference Assemblies\Microsoft\Framework\.NETFramework\v4.5.2\Facades\System.Runtime.InteropServices.dll" /reference:"C:\Program Files (x86)\Reference Assemblies\Microsoft\Framework\.NETFramework\v4.5.2\Facades\System.Runtime.InteropServices.WindowsRuntime.dll" /reference:"C:\Program Files (x86)\Reference Assemblies\Microsoft\Framework\.NETFramework\v4.5.2\Facades\System.Runtime.Numerics.dll" /reference:"C:\Program Files (x86)\Reference Assemblies\Microsoft\Framework\.NETFramework\v4.5.2\Facades\System.Runtime.Serialization.Json.dll" /reference:"C:\Program Files (x86)\Reference Assemblies\Microsoft\Framework\.NETFramework\v4.5.2\Facades\System.Runtime.Serialization.Primitives.dll" /reference:"C:\Program Files (x86)\Reference Assemblies\Microsoft\Framework\.NETFramework\v4.5.2\Facades\System.Runtime.Serialization.Xml.dll" /reference:"C:\Program Files (x86)\Reference Assemblies\Microsoft\Framework\.NETFramework\v4.5.2\Facades\System.Security.Principal.dll" /reference:"C:\Program Files (x86)\Reference Assemblies\Microsoft\Framework\.NETFramework\v4.5.2\Facades\System.ServiceModel.Duplex.dll" /reference:"C:\Program Files (x86)\Reference Assemblies\Microsoft\Framework\.NETFramework\v4.5.2\Facades\System.ServiceModel.Http.dll" /reference:"C:\Program Files (x86)\Reference Assemblies\Microsoft\Framework\.NETFramework\v4.5.2\Facades\System.ServiceModel.NetTcp.dll" /reference:"C:\Program Files (x86)\Reference Assemblies\Microsoft\Framework\.NETFramework\v4.5.2\Facades\System.ServiceModel.Primitives.dll" /reference:"C:\Program Files (x86)\Reference Assemblies\Microsoft\Framework\.NETFramework\v4.5.2\Facades\System.ServiceModel.Security.dll" /reference:"C:\Program Files (x86)\Reference Assemblies\Microsoft\Framework\.NETFramework\v4.5.2\Facades\System.Text.Encoding.dll" /reference:"C:\Program Files (x86)\Reference Assemblies\Microsoft\Framework\.NETFramework\v4.5.2\Facades\System.Text.Encoding.Extensions.dll" /reference:"C:\Program Files (x86)\Reference Assemblies\Microsoft\Framework\.NETFramework\v4.5.2\Facades\System.Text.RegularExpressions.dll" /reference:"C:\Program Files (x86)\Reference Assemblies\Microsoft\Framework\.NETFramework\v4.5.2\Facades\System.Threading.dll" /reference:"C:\Program Files (x86)\Reference Assemblies\Microsoft\Framework\.NETFramework\v4.5.2\Facades\System.Threading.Tasks.dll" /reference:"C:\Program Files (x86)\Reference Assemblies\Microsoft\Framework\.NETFramework\v4.5.2\Facades\System.Threading.Tasks.Parallel.dll" /reference:"C:\Program Files (x86)\Reference Assemblies\Microsoft\Framework\.NETFramework\v4.5.2\Facades\System.Threading.Timer.dll" /reference:"C:\Program Files (x86)\Reference Assemblies\Microsoft\Framework\.NETFramework\v4.5.2\Facades\System.Xml.ReaderWriter.dll" /reference:"C:\Program Files (x86)\Reference Assemblies\Microsoft\Framework\.NETFramework\v4.5.2\Facades\System.Xml.XDocument.dll" /reference:"C:\Program Files (x86)\Reference Assemblies\Microsoft\Framework\.NETFramework\v4.5.2\Facades\System.Xml.XmlSerializer.dll" /debug+ /debug:full /filealign:512 /optimize- /out:obj\Debug\RvCrashCourse2021.dll /subsystemversion:6.00 /resource:allureConfig.json,RvCrashCourse2021.allureConfig.json /target:library /utf8output Pages\LoginPage.UImap.cs Tests\Browsers.cs Tools\DataBase.cs Data\Application\ApplicationSource.cs Data\Application\ApplicationSourceRepository.cs Data\Users\User.cs Data\Users\UserRepository.cs Pages\ACommonComponent.cs Pages\ATopComponent.cs Pages\LoginPage.cs Pages\RegistratorHomePage.cs Pages\RepeatLoginPage.cs Tests\TestsAPI\RestTest.cs Tests\TestsUI\SeleniumFirst.cs Tests\TestsUI\SeleniumFirst2.cs Tests\TestsUI\SeleniumSecond.cs Tests\TestsUI\SmokeTest.cs Tools\Application.cs Tools\BrowserWrapper.cs Tools\ExternalReader\CSVReader.cs Tools\ExternalReader\AExternalReader.cs Tools\ExternalReader\ExcelReader.cs Tools\Find\ASearch.cs Tools\Find\ISearch.cs Tools\Find\ISearchStrategy.cs Tools\Find\SearchElement.cs Tools\Find\SearchExplicit.cs Tools\Find\SearchImplicit.cs Tools\ExternalReader\ListUtils.cs Tools\TestRunner.cs Tests\ToolTipTest.cs Tests\UnitTest1.cs Properties\AssemblyInfo.cs Tests\WaitTest.cs "C:\Windows\TEMP\.NETFramework,Version=v4.5.2.AssemblyAttributes.cs"
[8mha:////4MUbhvQs1ybMy42BKSb2ZW+l7LxPh2WtJc2TjNhpgRA5AAAAZR+LCAAAAAAAAP9b85aBtbiIQT2jNKU4P0+vIKc0PTOvWC+3OKk0MydFzzfYCUS7FhXlF/nll6RqTW873+akuJiJgaGiiEEKqis5P684PydVzxlCgxQyQAAjSGEBAFZoBDtlAAAA[0mPages\LoginPage.UImap.cs(19,39): error CS1002: ; expected [C:\Jenkins\Projects\Romanukha\RvCrashCourse2021\RvCrashCourse2021\RvCrashCourse2021.csproj]
[8mha:////4MUbhvQs1ybMy42BKSb2ZW+l7LxPh2WtJc2TjNhpgRA5AAAAZR+LCAAAAAAAAP9b85aBtbiIQT2jNKU4P0+vIKc0PTOvWC+3OKk0MydFzzfYCUS7FhXlF/nll6RqTW873+akuJiJgaGiiEEKqis5P684PydVzxlCgxQyQAAjSGEBAFZoBDtlAAAA[0mPages\LoginPage.UImap.cs(19,54): error CS1519: Invalid token '(' in class, struct, or interface member declaration [C:\Jenkins\Projects\Romanukha\RvCrashCourse2021\RvCrashCourse2021\RvCrashCourse2021.csproj]
[8mha:////4MUbhvQs1ybMy42BKSb2ZW+l7LxPh2WtJc2TjNhpgRA5AAAAZR+LCAAAAAAAAP9b85aBtbiIQT2jNKU4P0+vIKc0PTOvWC+3OKk0MydFzzfYCUS7FhXlF/nll6RqTW873+akuJiJgaGiiEEKqis5P684PydVzxlCgxQyQAAjSGEBAFZoBDtlAAAA[0mPages\LoginPage.UImap.cs(20,39): error CS1002: ; expected [C:\Jenkins\Projects\Romanukha\RvCrashCourse2021\RvCrashCourse2021\RvCrashCourse2021.csproj]
[8mha:////4MUbhvQs1ybMy42BKSb2ZW+l7LxPh2WtJc2TjNhpgRA5AAAAZR+LCAAAAAAAAP9b85aBtbiIQT2jNKU4P0+vIKc0PTOvWC+3OKk0MydFzzfYCUS7FhXlF/nll6RqTW873+akuJiJgaGiiEEKqis5P684PydVzxlCgxQyQAAjSGEBAFZoBDtlAAAA[0mPages\LoginPage.UImap.cs(20,51): error CS1519: Invalid token '(' in class, struct, or interface member declaration [C:\Jenkins\Projects\Romanukha\RvCrashCourse2021\RvCrashCourse2021\RvCrashCourse2021.csproj]
[8mha:////4MUbhvQs1ybMy42BKSb2ZW+l7LxPh2WtJc2TjNhpgRA5AAAAZR+LCAAAAAAAAP9b85aBtbiIQT2jNKU4P0+vIKc0PTOvWC+3OKk0MydFzzfYCUS7FhXlF/nll6RqTW873+akuJiJgaGiiEEKqis5P684PydVzxlCgxQyQAAjSGEBAFZoBDtlAAAA[0mPages\LoginPage.UImap.cs(21,42): error CS1002: ; expected [C:\Jenkins\Projects\Romanukha\RvCrashCourse2021\RvCrashCourse2021\RvCrashCourse2021.csproj]
[8mha:////4MUbhvQs1ybMy42BKSb2ZW+l7LxPh2WtJc2TjNhpgRA5AAAAZR+LCAAAAAAAAP9b85aBtbiIQT2jNKU4P0+vIKc0PTOvWC+3OKk0MydFzzfYCUS7FhXlF/nll6RqTW873+akuJiJgaGiiEEKqis5P684PydVzxlCgxQyQAAjSGEBAFZoBDtlAAAA[0mPages\LoginPage.UImap.cs(21,57): error CS1519: Invalid token '(' in class, struct, or interface member declaration [C:\Jenkins\Projects\Romanukha\RvCrashCourse2021\RvCrashCourse2021\RvCrashCourse2021.csproj]
[8mha:////4MUbhvQs1ybMy42BKSb2ZW+l7LxPh2WtJc2TjNhpgRA5AAAAZR+LCAAAAAAAAP9b85aBtbiIQT2jNKU4P0+vIKc0PTOvWC+3OKk0MydFzzfYCUS7FhXlF/nll6RqTW873+akuJiJgaGiiEEKqis5P684PydVzxlCgxQyQAAjSGEBAFZoBDtlAAAA[0mPages\LoginPage.UImap.cs(22,42): error CS1002: ; expected [C:\Jenkins\Projects\Romanukha\RvCrashCourse2021\RvCrashCourse2021\RvCrashCourse2021.csproj]
[8mha:////4MUbhvQs1ybMy42BKSb2ZW+l7LxPh2WtJc2TjNhpgRA5AAAAZR+LCAAAAAAAAP9b85aBtbiIQT2jNKU4P0+vIKc0PTOvWC+3OKk0MydFzzfYCUS7FhXlF/nll6RqTW873+akuJiJgaGiiEEKqis5P684PydVzxlCgxQyQAAjSGEBAFZoBDtlAAAA[0mPages\LoginPage.UImap.cs(22,54): error CS1519: Invalid token '(' in class, struct, or interface member declaration [C:\Jenkins\Projects\Romanukha\RvCrashCourse2021\RvCrashCourse2021\RvCrashCourse2021.csproj]
[8mha:////4MUbhvQs1ybMy42BKSb2ZW+l7LxPh2WtJc2TjNhpgRA5AAAAZR+LCAAAAAAAAP9b85aBtbiIQT2jNKU4P0+vIKc0PTOvWC+3OKk0MydFzzfYCUS7FhXlF/nll6RqTW873+akuJiJgaGiiEEKqis5P684PydVzxlCgxQyQAAjSGEBAFZoBDtlAAAA[0mPages\LoginPage.UImap.cs(23,41): error CS1002: ; expected [C:\Jenkins\Projects\Romanukha\RvCrashCourse2021\RvCrashCourse2021\RvCrashCourse2021.csproj]
[8mha:////4MUbhvQs1ybMy42BKSb2ZW+l7LxPh2WtJc2TjNhpgRA5AAAAZR+LCAAAAAAAAP9b85aBtbiIQT2jNKU4P0+vIKc0PTOvWC+3OKk0MydFzzfYCUS7FhXlF/nll6RqTW873+akuJiJgaGiiEEKqis5P684PydVzxlCgxQyQAAjSGEBAFZoBDtlAAAA[0mPages\LoginPage.UImap.cs(23,62): error CS1519: Invalid token '(' in class, struct, or interface member declaration [C:\Jenkins\Projects\Romanukha\RvCrashCourse2021\RvCrashCourse2021\RvCrashCourse2021.csproj]
[8mha:////4MUbhvQs1ybMy42BKSb2ZW+l7LxPh2WtJc2TjNhpgRA5AAAAZR+LCAAAAAAAAP9b85aBtbiIQT2jNKU4P0+vIKc0PTOvWC+3OKk0MydFzzfYCUS7FhXlF/nll6RqTW873+akuJiJgaGiiEEKqis5P684PydVzxlCgxQyQAAjSGEBAFZoBDtlAAAA[0mPages\LoginPage.UImap.cs(24,40): error CS1002: ; expected [C:\Jenkins\Projects\Romanukha\RvCrashCourse2021\RvCrashCourse2021\RvCrashCourse2021.csproj]
[8mha:////4MUbhvQs1ybMy42BKSb2ZW+l7LxPh2WtJc2TjNhpgRA5AAAAZR+LCAAAAAAAAP9b85aBtbiIQT2jNKU4P0+vIKc0PTOvWC+3OKk0MydFzzfYCUS7FhXlF/nll6RqTW873+akuJiJgaGiiEEKqis5P684PydVzxlCgxQyQAAjSGEBAFZoBDtlAAAA[0mPages\LoginPage.UImap.cs(24,61): error CS1519: Invalid token '(' in class, struct, or interface member declaration [C:\Jenkins\Projects\Romanukha\RvCrashCourse2021\RvCrashCourse2021\RvCrashCourse2021.csproj]
[8mha:////4MUbhvQs1ybMy42BKSb2ZW+l7LxPh2WtJc2TjNhpgRA5AAAAZR+LCAAAAAAAAP9b85aBtbiIQT2jNKU4P0+vIKc0PTOvWC+3OKk0MydFzzfYCUS7FhXlF/nll6RqTW873+akuJiJgaGiiEEKqis5P684PydVzxlCgxQyQAAjSGEBAFZoBDtlAAAA[0mTools\DataBase.cs(75,31): error CS1056: Unexpected character '$' [C:\Jenkins\Projects\Romanukha\RvCrashCourse2021\RvCrashCourse2021\RvCrashCourse2021.csproj]
[8mha:////4MUbhvQs1ybMy42BKSb2ZW+l7LxPh2WtJc2TjNhpgRA5AAAAZR+LCAAAAAAAAP9b85aBtbiIQT2jNKU4P0+vIKc0PTOvWC+3OKk0MydFzzfYCUS7FhXlF/nll6RqTW873+akuJiJgaGiiEEKqis5P684PydVzxlCgxQyQAAjSGEBAFZoBDtlAAAA[0mTests\TestsAPI\RestTest.cs(106,41): error CS1056: Unexpected character '$' [C:\Jenkins\Projects\Romanukha\RvCrashCourse2021\RvCrashCourse2021\RvCrashCourse2021.csproj]
[8mha:////4MUbhvQs1ybMy42BKSb2ZW+l7LxPh2WtJc2TjNhpgRA5AAAAZR+LCAAAAAAAAP9b85aBtbiIQT2jNKU4P0+vIKc0PTOvWC+3OKk0MydFzzfYCUS7FhXlF/nll6RqTW873+akuJiJgaGiiEEKqis5P684PydVzxlCgxQyQAAjSGEBAFZoBDtlAAAA[0mTools\BrowserWrapper.cs(86,29): error CS1056: Unexpected character '$' [C:\Jenkins\Projects\Romanukha\RvCrashCourse2021\RvCrashCourse2021\RvCrashCourse2021.csproj]
[8mha:////4MUbhvQs1ybMy42BKSb2ZW+l7LxPh2WtJc2TjNhpgRA5AAAAZR+LCAAAAAAAAP9b85aBtbiIQT2jNKU4P0+vIKc0PTOvWC+3OKk0MydFzzfYCUS7FhXlF/nll6RqTW873+akuJiJgaGiiEEKqis5P684PydVzxlCgxQyQAAjSGEBAFZoBDtlAAAA[0mTools\BrowserWrapper.cs(96,58): error CS1056: Unexpected character '$' [C:\Jenkins\Projects\Romanukha\RvCrashCourse2021\RvCrashCourse2021\RvCrashCourse2021.csproj]
[8mha:////4MUbhvQs1ybMy42BKSb2ZW+l7LxPh2WtJc2TjNhpgRA5AAAAZR+LCAAAAAAAAP9b85aBtbiIQT2jNKU4P0+vIKc0PTOvWC+3OKk0MydFzzfYCUS7FhXlF/nll6RqTW873+akuJiJgaGiiEEKqis5P684PydVzxlCgxQyQAAjSGEBAFZoBDtlAAAA[0mTools\BrowserWrapper.cs(97,56): error CS1056: Unexpected character '$' [C:\Jenkins\Projects\Romanukha\RvCrashCourse2021\RvCrashCourse2021\RvCrashCourse2021.csproj]
[8mha:////4MUbhvQs1ybMy42BKSb2ZW+l7LxPh2WtJc2TjNhpgRA5AAAAZR+LCAAAAAAAAP9b85aBtbiIQT2jNKU4P0+vIKc0PTOvWC+3OKk0MydFzzfYCUS7FhXlF/nll6RqTW873+akuJiJgaGiiEEKqis5P684PydVzxlCgxQyQAAjSGEBAFZoBDtlAAAA[0mTools\BrowserWrapper.cs(114,29): error CS1056: Unexpected character '$' [C:\Jenkins\Projects\Romanukha\RvCrashCourse2021\RvCrashCourse2021\RvCrashCourse2021.csproj]
[8mha:////4MUbhvQs1ybMy42BKSb2ZW+l7LxPh2WtJc2TjNhpgRA5AAAAZR+LCAAAAAAAAP9b85aBtbiIQT2jNKU4P0+vIKc0PTOvWC+3OKk0MydFzzfYCUS7FhXlF/nll6RqTW873+akuJiJgaGiiEEKqis5P684PydVzxlCgxQyQAAjSGEBAFZoBDtlAAAA[0mTools\BrowserWrapper.cs(118,65): error CS1056: Unexpected character '$' [C:\Jenkins\Projects\Romanukha\RvCrashCourse2021\RvCrashCourse2021\RvCrashCourse2021.csproj]
[8mha:////4MUbhvQs1ybMy42BKSb2ZW+l7LxPh2WtJc2TjNhpgRA5AAAAZR+LCAAAAAAAAP9b85aBtbiIQT2jNKU4P0+vIKc0PTOvWC+3OKk0MydFzzfYCUS7FhXlF/nll6RqTW873+akuJiJgaGiiEEKqis5P684PydVzxlCgxQyQAAjSGEBAFZoBDtlAAAA[0mTools\BrowserWrapper.cs(119,63): error CS1056: Unexpected character '$' [C:\Jenkins\Projects\Romanukha\RvCrashCourse2021\RvCrashCourse2021\RvCrashCourse2021.csproj]
[8mha:////4MUbhvQs1ybMy42BKSb2ZW+l7LxPh2WtJc2TjNhpgRA5AAAAZR+LCAAAAAAAAP9b85aBtbiIQT2jNKU4P0+vIKc0PTOvWC+3OKk0MydFzzfYCUS7FhXlF/nll6RqTW873+akuJiJgaGiiEEKqis5P684PydVzxlCgxQyQAAjSGEBAFZoBDtlAAAA[0mTools\BrowserWrapper.cs(136,29): error CS1056: Unexpected character '$' [C:\Jenkins\Projects\Romanukha\RvCrashCourse2021\RvCrashCourse2021\RvCrashCourse2021.csproj]
[8mha:////4MUbhvQs1ybMy42BKSb2ZW+l7LxPh2WtJc2TjNhpgRA5AAAAZR+LCAAAAAAAAP9b85aBtbiIQT2jNKU4P0+vIKc0PTOvWC+3OKk0MydFzzfYCUS7FhXlF/nll6RqTW873+akuJiJgaGiiEEKqis5P684PydVzxlCgxQyQAAjSGEBAFZoBDtlAAAA[0mTools\BrowserWrapper.cs(141,65): error CS1056: Unexpected character '$' [C:\Jenkins\Projects\Romanukha\RvCrashCourse2021\RvCrashCourse2021\RvCrashCourse2021.csproj]
[8mha:////4MUbhvQs1ybMy42BKSb2ZW+l7LxPh2WtJc2TjNhpgRA5AAAAZR+LCAAAAAAAAP9b85aBtbiIQT2jNKU4P0+vIKc0PTOvWC+3OKk0MydFzzfYCUS7FhXlF/nll6RqTW873+akuJiJgaGiiEEKqis5P684PydVzxlCgxQyQAAjSGEBAFZoBDtlAAAA[0mTools\BrowserWrapper.cs(142,63): error CS1056: Unexpected character '$' [C:\Jenkins\Projects\Romanukha\RvCrashCourse2021\RvCrashCourse2021\RvCrashCourse2021.csproj]
[8mha:////4MUbhvQs1ybMy42BKSb2ZW+l7LxPh2WtJc2TjNhpgRA5AAAAZR+LCAAAAAAAAP9b85aBtbiIQT2jNKU4P0+vIKc0PTOvWC+3OKk0MydFzzfYCUS7FhXlF/nll6RqTW873+akuJiJgaGiiEEKqis5P684PydVzxlCgxQyQAAjSGEBAFZoBDtlAAAA[0mTools\TestRunner.cs(80,22): error CS1056: Unexpected character '$' [C:\Jenkins\Projects\Romanukha\RvCrashCourse2021\RvCrashCourse2021\RvCrashCourse2021.csproj]
Done Building Project "C:\Jenkins\Projects\Romanukha\RvCrashCourse2021\RvCrashCourse2021\RvCrashCourse2021.csproj" (default targets) -- FAILED.
Done Building Project "C:\Jenkins\Projects\Romanukha\RvCrashCourse2021\RvCrashCourse2021.sln" (default targets) -- FAILED.

Build FAILED.

"C:\Jenkins\Projects\Romanukha\RvCrashCourse2021\RvCrashCourse2021.sln" (default target) (1) ->
"C:\Jenkins\Projects\Romanukha\RvCrashCourse2021\RvCrashCourse2021\RvCrashCourse2021.csproj" (default target) (2) ->
(CoreCompile target) -> 
[8mha:////4MUbhvQs1ybMy42BKSb2ZW+l7LxPh2WtJc2TjNhpgRA5AAAAZR+LCAAAAAAAAP9b85aBtbiIQT2jNKU4P0+vIKc0PTOvWC+3OKk0MydFzzfYCUS7FhXlF/nll6RqTW873+akuJiJgaGiiEEKqis5P684PydVzxlCgxQyQAAjSGEBAFZoBDtlAAAA[0m  Pages\LoginPage.UImap.cs(19,39): error CS1002: ; expected [C:\Jenkins\Projects\Romanukha\RvCrashCourse2021\RvCrashCourse2021\RvCrashCourse2021.csproj]
[8mha:////4MUbhvQs1ybMy42BKSb2ZW+l7LxPh2WtJc2TjNhpgRA5AAAAZR+LCAAAAAAAAP9b85aBtbiIQT2jNKU4P0+vIKc0PTOvWC+3OKk0MydFzzfYCUS7FhXlF/nll6RqTW873+akuJiJgaGiiEEKqis5P684PydVzxlCgxQyQAAjSGEBAFZoBDtlAAAA[0m  Pages\LoginPage.UImap.cs(19,54): error CS1519: Invalid token '(' in class, struct, or interface member declaration [C:\Jenkins\Projects\Romanukha\RvCrashCourse2021\RvCrashCourse2021\RvCrashCourse2021.csproj]
[8mha:////4MUbhvQs1ybMy42BKSb2ZW+l7LxPh2WtJc2TjNhpgRA5AAAAZR+LCAAAAAAAAP9b85aBtbiIQT2jNKU4P0+vIKc0PTOvWC+3OKk0MydFzzfYCUS7FhXlF/nll6RqTW873+akuJiJgaGiiEEKqis5P684PydVzxlCgxQyQAAjSGEBAFZoBDtlAAAA[0m  Pages\LoginPage.UImap.cs(20,39): error CS1002: ; expected [C:\Jenkins\Projects\Romanukha\RvCrashCourse2021\RvCrashCourse2021\RvCrashCourse2021.csproj]
[8mha:////4MUbhvQs1ybMy42BKSb2ZW+l7LxPh2WtJc2TjNhpgRA5AAAAZR+LCAAAAAAAAP9b85aBtbiIQT2jNKU4P0+vIKc0PTOvWC+3OKk0MydFzzfYCUS7FhXlF/nll6RqTW873+akuJiJgaGiiEEKqis5P684PydVzxlCgxQyQAAjSGEBAFZoBDtlAAAA[0m  Pages\LoginPage.UImap.cs(20,51): error CS1519: Invalid token '(' in class, struct, or interface member declaration [C:\Jenkins\Projects\Romanukha\RvCrashCourse2021\RvCrashCourse2021\RvCrashCourse2021.csproj]
[8mha:////4MUbhvQs1ybMy42BKSb2ZW+l7LxPh2WtJc2TjNhpgRA5AAAAZR+LCAAAAAAAAP9b85aBtbiIQT2jNKU4P0+vIKc0PTOvWC+3OKk0MydFzzfYCUS7FhXlF/nll6RqTW873+akuJiJgaGiiEEKqis5P684PydVzxlCgxQyQAAjSGEBAFZoBDtlAAAA[0m  Pages\LoginPage.UImap.cs(21,42): error CS1002: ; expected [C:\Jenkins\Projects\Romanukha\RvCrashCourse2021\RvCrashCourse2021\RvCrashCourse2021.csproj]
[8mha:////4MUbhvQs1ybMy42BKSb2ZW+l7LxPh2WtJc2TjNhpgRA5AAAAZR+LCAAAAAAAAP9b85aBtbiIQT2jNKU4P0+vIKc0PTOvWC+3OKk0MydFzzfYCUS7FhXlF/nll6RqTW873+akuJiJgaGiiEEKqis5P684PydVzxlCgxQyQAAjSGEBAFZoBDtlAAAA[0m  Pages\LoginPage.UImap.cs(21,57): error CS1519: Invalid token '(' in class, struct, or interface member declaration [C:\Jenkins\Projects\Romanukha\RvCrashCourse2021\RvCrashCourse2021\RvCrashCourse2021.csproj]
[8mha:////4MUbhvQs1ybMy42BKSb2ZW+l7LxPh2WtJc2TjNhpgRA5AAAAZR+LCAAAAAAAAP9b85aBtbiIQT2jNKU4P0+vIKc0PTOvWC+3OKk0MydFzzfYCUS7FhXlF/nll6RqTW873+akuJiJgaGiiEEKqis5P684PydVzxlCgxQyQAAjSGEBAFZoBDtlAAAA[0m  Pages\LoginPage.UImap.cs(22,42): error CS1002: ; expected [C:\Jenkins\Projects\Romanukha\RvCrashCourse2021\RvCrashCourse2021\RvCrashCourse2021.csproj]
[8mha:////4MUbhvQs1ybMy42BKSb2ZW+l7LxPh2WtJc2TjNhpgRA5AAAAZR+LCAAAAAAAAP9b85aBtbiIQT2jNKU4P0+vIKc0PTOvWC+3OKk0MydFzzfYCUS7FhXlF/nll6RqTW873+akuJiJgaGiiEEKqis5P684PydVzxlCgxQyQAAjSGEBAFZoBDtlAAAA[0m  Pages\LoginPage.UImap.cs(22,54): error CS1519: Invalid token '(' in class, struct, or interface member declaration [C:\Jenkins\Projects\Romanukha\RvCrashCourse2021\RvCrashCourse2021\RvCrashCourse2021.csproj]
[8mha:////4MUbhvQs1ybMy42BKSb2ZW+l7LxPh2WtJc2TjNhpgRA5AAAAZR+LCAAAAAAAAP9b85aBtbiIQT2jNKU4P0+vIKc0PTOvWC+3OKk0MydFzzfYCUS7FhXlF/nll6RqTW873+akuJiJgaGiiEEKqis5P684PydVzxlCgxQyQAAjSGEBAFZoBDtlAAAA[0m  Pages\LoginPage.UImap.cs(23,41): error CS1002: ; expected [C:\Jenkins\Projects\Romanukha\RvCrashCourse2021\RvCrashCourse2021\RvCrashCourse2021.csproj]
[8mha:////4MUbhvQs1ybMy42BKSb2ZW+l7LxPh2WtJc2TjNhpgRA5AAAAZR+LCAAAAAAAAP9b85aBtbiIQT2jNKU4P0+vIKc0PTOvWC+3OKk0MydFzzfYCUS7FhXlF/nll6RqTW873+akuJiJgaGiiEEKqis5P684PydVzxlCgxQyQAAjSGEBAFZoBDtlAAAA[0m  Pages\LoginPage.UImap.cs(23,62): error CS1519: Invalid token '(' in class, struct, or interface member declaration [C:\Jenkins\Projects\Romanukha\RvCrashCourse2021\RvCrashCourse2021\RvCrashCourse2021.csproj]
[8mha:////4MUbhvQs1ybMy42BKSb2ZW+l7LxPh2WtJc2TjNhpgRA5AAAAZR+LCAAAAAAAAP9b85aBtbiIQT2jNKU4P0+vIKc0PTOvWC+3OKk0MydFzzfYCUS7FhXlF/nll6RqTW873+akuJiJgaGiiEEKqis5P684PydVzxlCgxQyQAAjSGEBAFZoBDtlAAAA[0m  Pages\LoginPage.UImap.cs(24,40): error CS1002: ; expected [C:\Jenkins\Projects\Romanukha\RvCrashCourse2021\RvCrashCourse2021\RvCrashCourse2021.csproj]
[8mha:////4MUbhvQs1ybMy42BKSb2ZW+l7LxPh2WtJc2TjNhpgRA5AAAAZR+LCAAAAAAAAP9b85aBtbiIQT2jNKU4P0+vIKc0PTOvWC+3OKk0MydFzzfYCUS7FhXlF/nll6RqTW873+akuJiJgaGiiEEKqis5P684PydVzxlCgxQyQAAjSGEBAFZoBDtlAAAA[0m  Pages\LoginPage.UImap.cs(24,61): error CS1519: Invalid token '(' in class, struct, or interface member declaration [C:\Jenkins\Projects\Romanukha\RvCrashCourse2021\RvCrashCourse2021\RvCrashCourse2021.csproj]
[8mha:////4MUbhvQs1ybMy42BKSb2ZW+l7LxPh2WtJc2TjNhpgRA5AAAAZR+LCAAAAAAAAP9b85aBtbiIQT2jNKU4P0+vIKc0PTOvWC+3OKk0MydFzzfYCUS7FhXlF/nll6RqTW873+akuJiJgaGiiEEKqis5P684PydVzxlCgxQyQAAjSGEBAFZoBDtlAAAA[0m  Tools\DataBase.cs(75,31): error CS1056: Unexpected character '$' [C:\Jenkins\Projects\Romanukha\RvCrashCourse2021\RvCrashCourse2021\RvCrashCourse2021.csproj]
[8mha:////4MUbhvQs1ybMy42BKSb2ZW+l7LxPh2WtJc2TjNhpgRA5AAAAZR+LCAAAAAAAAP9b85aBtbiIQT2jNKU4P0+vIKc0PTOvWC+3OKk0MydFzzfYCUS7FhXlF/nll6RqTW873+akuJiJgaGiiEEKqis5P684PydVzxlCgxQyQAAjSGEBAFZoBDtlAAAA[0m  Tests\TestsAPI\RestTest.cs(106,41): error CS1056: Unexpected character '$' [C:\Jenkins\Projects\Romanukha\RvCrashCourse2021\RvCrashCourse2021\RvCrashCourse2021.csproj]
[8mha:////4MUbhvQs1ybMy42BKSb2ZW+l7LxPh2WtJc2TjNhpgRA5AAAAZR+LCAAAAAAAAP9b85aBtbiIQT2jNKU4P0+vIKc0PTOvWC+3OKk0MydFzzfYCUS7FhXlF/nll6RqTW873+akuJiJgaGiiEEKqis5P684PydVzxlCgxQyQAAjSGEBAFZoBDtlAAAA[0m  Tools\BrowserWrapper.cs(86,29): error CS1056: Unexpected character '$' [C:\Jenkins\Projects\Romanukha\RvCrashCourse2021\RvCrashCourse2021\RvCrashCourse2021.csproj]
[8mha:////4MUbhvQs1ybMy42BKSb2ZW+l7LxPh2WtJc2TjNhpgRA5AAAAZR+LCAAAAAAAAP9b85aBtbiIQT2jNKU4P0+vIKc0PTOvWC+3OKk0MydFzzfYCUS7FhXlF/nll6RqTW873+akuJiJgaGiiEEKqis5P684PydVzxlCgxQyQAAjSGEBAFZoBDtlAAAA[0m  Tools\BrowserWrapper.cs(96,58): error CS1056: Unexpected character '$' [C:\Jenkins\Projects\Romanukha\RvCrashCourse2021\RvCrashCourse2021\RvCrashCourse2021.csproj]
[8mha:////4MUbhvQs1ybMy42BKSb2ZW+l7LxPh2WtJc2TjNhpgRA5AAAAZR+LCAAAAAAAAP9b85aBtbiIQT2jNKU4P0+vIKc0PTOvWC+3OKk0MydFzzfYCUS7FhXlF/nll6RqTW873+akuJiJgaGiiEEKqis5P684PydVzxlCgxQyQAAjSGEBAFZoBDtlAAAA[0m  Tools\BrowserWrapper.cs(97,56): error CS1056: Unexpected character '$' [C:\Jenkins\Projects\Romanukha\RvCrashCourse2021\RvCrashCourse2021\RvCrashCourse2021.csproj]
[8mha:////4MUbhvQs1ybMy42BKSb2ZW+l7LxPh2WtJc2TjNhpgRA5AAAAZR+LCAAAAAAAAP9b85aBtbiIQT2jNKU4P0+vIKc0PTOvWC+3OKk0MydFzzfYCUS7FhXlF/nll6RqTW873+akuJiJgaGiiEEKqis5P684PydVzxlCgxQyQAAjSGEBAFZoBDtlAAAA[0m  Tools\BrowserWrapper.cs(114,29): error CS1056: Unexpected character '$' [C:\Jenkins\Projects\Romanukha\RvCrashCourse2021\RvCrashCourse2021\RvCrashCourse2021.csproj]
[8mha:////4MUbhvQs1ybMy42BKSb2ZW+l7LxPh2WtJc2TjNhpgRA5AAAAZR+LCAAAAAAAAP9b85aBtbiIQT2jNKU4P0+vIKc0PTOvWC+3OKk0MydFzzfYCUS7FhXlF/nll6RqTW873+akuJiJgaGiiEEKqis5P684PydVzxlCgxQyQAAjSGEBAFZoBDtlAAAA[0m  Tools\BrowserWrapper.cs(118,65): error CS1056: Unexpected character '$' [C:\Jenkins\Projects\Romanukha\RvCrashCourse2021\RvCrashCourse2021\RvCrashCourse2021.csproj]
[8mha:////4MUbhvQs1ybMy42BKSb2ZW+l7LxPh2WtJc2TjNhpgRA5AAAAZR+LCAAAAAAAAP9b85aBtbiIQT2jNKU4P0+vIKc0PTOvWC+3OKk0MydFzzfYCUS7FhXlF/nll6RqTW873+akuJiJgaGiiEEKqis5P684PydVzxlCgxQyQAAjSGEBAFZoBDtlAAAA[0m  Tools\BrowserWrapper.cs(119,63): error CS1056: Unexpected character '$' [C:\Jenkins\Projects\Romanukha\RvCrashCourse2021\RvCrashCourse2021\RvCrashCourse2021.csproj]
[8mha:////4MUbhvQs1ybMy42BKSb2ZW+l7LxPh2WtJc2TjNhpgRA5AAAAZR+LCAAAAAAAAP9b85aBtbiIQT2jNKU4P0+vIKc0PTOvWC+3OKk0MydFzzfYCUS7FhXlF/nll6RqTW873+akuJiJgaGiiEEKqis5P684PydVzxlCgxQyQAAjSGEBAFZoBDtlAAAA[0m  Tools\BrowserWrapper.cs(136,29): error CS1056: Unexpected character '$' [C:\Jenkins\Projects\Romanukha\RvCrashCourse2021\RvCrashCourse2021\RvCrashCourse2021.csproj]
[8mha:////4MUbhvQs1ybMy42BKSb2ZW+l7LxPh2WtJc2TjNhpgRA5AAAAZR+LCAAAAAAAAP9b85aBtbiIQT2jNKU4P0+vIKc0PTOvWC+3OKk0MydFzzfYCUS7FhXlF/nll6RqTW873+akuJiJgaGiiEEKqis5P684PydVzxlCgxQyQAAjSGEBAFZoBDtlAAAA[0m  Tools\BrowserWrapper.cs(141,65): error CS1056: Unexpected character '$' [C:\Jenkins\Projects\Romanukha\RvCrashCourse2021\RvCrashCourse2021\RvCrashCourse2021.csproj]
[8mha:////4MUbhvQs1ybMy42BKSb2ZW+l7LxPh2WtJc2TjNhpgRA5AAAAZR+LCAAAAAAAAP9b85aBtbiIQT2jNKU4P0+vIKc0PTOvWC+3OKk0MydFzzfYCUS7FhXlF/nll6RqTW873+akuJiJgaGiiEEKqis5P684PydVzxlCgxQyQAAjSGEBAFZoBDtlAAAA[0m  Tools\BrowserWrapper.cs(142,63): error CS1056: Unexpected character '$' [C:\Jenkins\Projects\Romanukha\RvCrashCourse2021\RvCrashCourse2021\RvCrashCourse2021.csproj]
[8mha:////4MUbhvQs1ybMy42BKSb2ZW+l7LxPh2WtJc2TjNhpgRA5AAAAZR+LCAAAAAAAAP9b85aBtbiIQT2jNKU4P0+vIKc0PTOvWC+3OKk0MydFzzfYCUS7FhXlF/nll6RqTW873+akuJiJgaGiiEEKqis5P684PydVzxlCgxQyQAAjSGEBAFZoBDtlAAAA[0m  Tools\TestRunner.cs(80,22): error CS1056: Unexpected character '$' [C:\Jenkins\Projects\Romanukha\RvCrashCourse2021\RvCrashCourse2021\RvCrashCourse2021.csproj]

    0 Warning(s)
    24 Error(s)

Time Elapsed 00:00:00.96
Build step 'Build a Visual Studio project or solution using MSBuild' marked build as failure
ERROR: Build step failed with exception
ru.yandex.qatools.allure.jenkins.exception.AllurePluginException: Can not find any allure commandline installation.
	at ru.yandex.qatools.allure.jenkins.AllureReportPublisher.getCommandline(AllureReportPublisher.java:349)
	at ru.yandex.qatools.allure.jenkins.AllureReportPublisher.generateReport(AllureReportPublisher.java:303)
	at ru.yandex.qatools.allure.jenkins.AllureReportPublisher.perform(AllureReportPublisher.java:231)
	at jenkins.tasks.SimpleBuildStep.perform(SimpleBuildStep.java:123)
	at hudson.tasks.BuildStepCompatibilityLayer.perform(BuildStepCompatibilityLayer.java:79)
	at hudson.tasks.BuildStepMonitor$1.perform(BuildStepMonitor.java:20)
	at hudson.model.AbstractBuild$AbstractBuildExecution.perform(AbstractBuild.java:814)
	at hudson.model.AbstractBuild$AbstractBuildExecution.performAllBuildSteps(AbstractBuild.java:763)
	at hudson.model.Build$BuildExecution.post2(Build.java:179)
	at hudson.model.AbstractBuild$AbstractBuildExecution.post(AbstractBuild.java:707)
	at hudson.model.Run.execute(Run.java:1921)
	at hudson.model.FreeStyleBuild.run(FreeStyleBuild.java:44)
	at hudson.model.ResourceController.execute(ResourceController.java:101)
	at hudson.model.Executor.run(Executor.java:442)
Build step 'Allure Report' marked build as failure
Finished: FAILURE
